<?xml version="1.0" encoding="UTF-8"?>
<!-- Generated by org.testng.reporters.JUnitXMLReporter -->
<testsuite ignored="0" hostname="DESKTOP-DA7P0OC" failures="0" tests="14" name="RegressionTest" time="118.262" errors="0" timestamp="2026-03-31T14:11:29 IST">
  <testcase classname="Tests.Class1UIValidation" name="verifyUIElements" time="1.128"/>
  <testcase classname="Tests.Class2PageValidation" name="verifyPageURL" time="1.051"/>
  <testcase classname="Tests.Class2PageValidation" name="verifyPlaceholder" time="0.096"/>
  <testcase classname="Tests.Class2PageValidation" name="verifyTitleOfthePage" time="0.078"/>
  <testcase classname="Tests.Class3FactorialTestData" name="verifyFactorial" time="1.828"/>
  <testcase classname="Tests.Class3FactorialTestData" name="verifyFactorial" time="1.553"/>
  <testcase classname="Tests.Class3FactorialTestData" name="verifyFactorial" time="1.526"/>
  <testcase classname="Tests.Class3FactorialTestData" name="verifyFactorial" time="1.538"/>
  <testcase classname="Tests.Class3FactorialTestData" name="verifyFactorial" time="1.67"/>
  <testcase classname="Tests.Class3FactorialTestData" name="verifyFactorial" time="1.572"/>
  <testcase classname="Tests.Class3FactorialTestData" name="verifyFactorial" time="1.513"/>
  <testcase classname="Tests.Class4AboutLink" name="clickonAbout" time="1.252"/>
  <testcase classname="Tests.Class4AboutLink" name="verifyTotalLink" time="4.773"/>
  <testcase classname="Tests.Class5AutomateBug" name="largeNumberNotHandeled" time="0.847"/>
</testsuite> <!-- RegressionTest -->
