<?xml version="1.0" encoding="UTF-8"?>
<!-- Generated by org.testng.reporters.JUnitXMLReporter -->
<testsuite ignored="0" hostname="DESKTOP-DA7P0OC" failures="0" tests="4" name="ParallelTest" time="25.278" errors="0" timestamp="2026-03-31T14:34:33 IST">
  <testcase classname="Tests.Class2PageValidation" name="verifyPageURL" time="0.172"/>
  <testcase classname="Tests.Class1UIValidation" name="verifyUIElements" time="0.937"/>
  <testcase classname="Tests.Class2PageValidation" name="verifyPlaceholder" time="0.09"/>
  <testcase classname="Tests.Class2PageValidation" name="verifyTitleOfthePage" time="0.063"/>
</testsuite> <!-- ParallelTest -->
