<?xml version="1.0" encoding="UTF-8"?>
<!-- Generated by org.testng.reporters.JUnitXMLReporter -->
<testsuite ignored="0" hostname="DESKTOP-DA7P0OC" failures="0" tests="14" name="ChromeTest" time="104.835" errors="0" timestamp="2026-03-31T14:17:21 IST">
  <testcase classname="Tests.Class1UIValidation" name="verifyUIElements" time="1.05"/>
  <testcase classname="Tests.Class2PageValidation" name="verifyPageURL" time="0.062"/>
  <testcase classname="Tests.Class2PageValidation" name="verifyPlaceholder" time="0.094"/>
  <testcase classname="Tests.Class2PageValidation" name="verifyTitleOfthePage" time="0.049"/>
  <testcase classname="Tests.Class3FactorialTestData" name="verifyFactorial" time="1.627"/>
  <testcase classname="Tests.Class3FactorialTestData" name="verifyFactorial" time="1.545"/>
  <testcase classname="Tests.Class3FactorialTestData" name="verifyFactorial" time="1.585"/>
  <testcase classname="Tests.Class3FactorialTestData" name="verifyFactorial" time="1.645"/>
  <testcase classname="Tests.Class3FactorialTestData" name="verifyFactorial" time="1.657"/>
  <testcase classname="Tests.Class3FactorialTestData" name="verifyFactorial" time="1.603"/>
  <testcase classname="Tests.Class3FactorialTestData" name="verifyFactorial" time="1.555"/>
  <testcase classname="Tests.Class4AboutLink" name="clickonAbout" time="2.149"/>
  <testcase classname="Tests.Class4AboutLink" name="verifyTotalLink" time="2.2"/>
  <testcase classname="Tests.Class5AutomateBug" name="largeNumberNotHandeled" time="0.838"/>
</testsuite> <!-- ChromeTest -->
