<?xml version="1.0" encoding="UTF-8"?>
<!-- Generated by org.testng.reporters.JUnitXMLReporter -->
<testsuite ignored="0" hostname="DESKTOP-DA7P0OC" failures="0" tests="14" name="EdgeTest" time="100.422" errors="0" timestamp="2026-03-31T14:19:02 IST">
  <testcase classname="Tests.Class1UIValidation" name="verifyUIElements" time="0.935"/>
  <testcase classname="Tests.Class2PageValidation" name="verifyPageURL" time="0.032"/>
  <testcase classname="Tests.Class2PageValidation" name="verifyPlaceholder" time="1.835"/>
  <testcase classname="Tests.Class2PageValidation" name="verifyTitleOfthePage" time="0.036"/>
  <testcase classname="Tests.Class3FactorialTestData" name="verifyFactorial" time="1.429"/>
  <testcase classname="Tests.Class3FactorialTestData" name="verifyFactorial" time="1.416"/>
  <testcase classname="Tests.Class3FactorialTestData" name="verifyFactorial" time="1.423"/>
  <testcase classname="Tests.Class3FactorialTestData" name="verifyFactorial" time="1.514"/>
  <testcase classname="Tests.Class3FactorialTestData" name="verifyFactorial" time="1.456"/>
  <testcase classname="Tests.Class3FactorialTestData" name="verifyFactorial" time="1.489"/>
  <testcase classname="Tests.Class3FactorialTestData" name="verifyFactorial" time="1.553"/>
  <testcase classname="Tests.Class4AboutLink" name="clickonAbout" time="1.174"/>
  <testcase classname="Tests.Class4AboutLink" name="verifyTotalLink" time="1.891"/>
  <testcase classname="Tests.Class5AutomateBug" name="largeNumberNotHandeled" time="0.842"/>
</testsuite> <!-- EdgeTest -->
