<?xml version="1.0" encoding="UTF-8"?>
<testng-results ignored="0" total="4" passed="4" failed="0" skipped="0">
  <reporter-output>
  </reporter-output>
  <suite started-at="2026-03-31T14:34:08 IST" name="ParallelSuite" finished-at="2026-03-31T14:34:33 IST" duration-ms="25278">
    <groups>
    </groups>
    <test started-at="2026-03-31T14:34:08 IST" name="ParallelTest" finished-at="2026-03-31T14:34:33 IST" duration-ms="25278">
      <class name="Tests.Class2PageValidation">
        <test-method is-config="true" signature="setup(java.lang.String)[pri:0, instance:Tests.Class2PageValidation@7c37508a]" started-at="2026-03-31T14:34:08 IST" name="setup" finished-at="2026-03-31T14:34:19 IST" duration-ms="11418" status="PASS">
          <params>
            <param index="0">
              <value>
                <![CDATA[chrome]]>
              </value>
            </param>
          </params>
          <reporter-output>
          </reporter-output>
        </test-method> <!-- setup -->
        <test-method signature="verifyPageURL()[pri:0, instance:Tests.Class2PageValidation@7c37508a]" started-at="2026-03-31T14:34:19 IST" name="verifyPageURL" finished-at="2026-03-31T14:34:20 IST" duration-ms="172" status="PASS">
          <reporter-output>
          </reporter-output>
        </test-method> <!-- verifyPageURL -->
        <test-method is-config="true" signature="tearDown()[pri:0, instance:Tests.Class2PageValidation@7c37508a]" started-at="2026-03-31T14:34:20 IST" name="tearDown" finished-at="2026-03-31T14:34:20 IST" duration-ms="816" status="PASS">
          <reporter-output>
          </reporter-output>
        </test-method> <!-- tearDown -->
        <test-method is-config="true" signature="setup(java.lang.String)[pri:0, instance:Tests.Class2PageValidation@7c37508a]" started-at="2026-03-31T14:34:20 IST" name="setup" finished-at="2026-03-31T14:34:27 IST" duration-ms="6428" status="PASS">
          <params>
            <param index="0">
              <value>
                <![CDATA[chrome]]>
              </value>
            </param>
          </params>
          <reporter-output>
          </reporter-output>
        </test-method> <!-- setup -->
        <test-method signature="verifyPlaceholder()[pri:0, instance:Tests.Class2PageValidation@7c37508a]" started-at="2026-03-31T14:34:27 IST" name="verifyPlaceholder" finished-at="2026-03-31T14:34:27 IST" duration-ms="90" status="PASS">
          <reporter-output>
          </reporter-output>
        </test-method> <!-- verifyPlaceholder -->
        <test-method is-config="true" signature="tearDown()[pri:0, instance:Tests.Class2PageValidation@7c37508a]" started-at="2026-03-31T14:34:27 IST" name="tearDown" finished-at="2026-03-31T14:34:27 IST" duration-ms="455" status="PASS">
          <reporter-output>
          </reporter-output>
        </test-method> <!-- tearDown -->
        <test-method is-config="true" signature="setup(java.lang.String)[pri:0, instance:Tests.Class2PageValidation@7c37508a]" started-at="2026-03-31T14:34:27 IST" name="setup" finished-at="2026-03-31T14:34:33 IST" duration-ms="5166" status="PASS">
          <params>
            <param index="0">
              <value>
                <![CDATA[chrome]]>
              </value>
            </param>
          </params>
          <reporter-output>
          </reporter-output>
        </test-method> <!-- setup -->
        <test-method signature="verifyTitleOfthePage()[pri:0, instance:Tests.Class2PageValidation@7c37508a]" started-at="2026-03-31T14:34:33 IST" name="verifyTitleOfthePage" finished-at="2026-03-31T14:34:33 IST" duration-ms="63" status="PASS">
          <reporter-output>
          </reporter-output>
        </test-method> <!-- verifyTitleOfthePage -->
        <test-method is-config="true" signature="tearDown()[pri:0, instance:Tests.Class2PageValidation@7c37508a]" started-at="2026-03-31T14:34:33 IST" name="tearDown" finished-at="2026-03-31T14:34:33 IST" duration-ms="460" status="PASS">
          <reporter-output>
          </reporter-output>
        </test-method> <!-- tearDown -->
      </class> <!-- Tests.Class2PageValidation -->
      <class name="Tests.Class1UIValidation">
        <test-method is-config="true" signature="setup(java.lang.String)[pri:0, instance:Tests.Class1UIValidation@53fb3dab]" started-at="2026-03-31T14:34:08 IST" name="setup" finished-at="2026-03-31T14:34:20 IST" duration-ms="12225" status="PASS">
          <params>
            <param index="0">
              <value>
                <![CDATA[chrome]]>
              </value>
            </param>
          </params>
          <reporter-output>
          </reporter-output>
        </test-method> <!-- setup -->
        <test-method signature="verifyUIElements()[pri:0, instance:Tests.Class1UIValidation@53fb3dab]" started-at="2026-03-31T14:34:20 IST" name="verifyUIElements" finished-at="2026-03-31T14:34:21 IST" duration-ms="937" status="PASS">
          <reporter-output>
          </reporter-output>
        </test-method> <!-- verifyUIElements -->
        <test-method is-config="true" signature="tearDown()[pri:0, instance:Tests.Class1UIValidation@53fb3dab]" started-at="2026-03-31T14:34:21 IST" name="tearDown" finished-at="2026-03-31T14:34:23 IST" duration-ms="1563" status="PASS">
          <reporter-output>
          </reporter-output>
        </test-method> <!-- tearDown -->
      </class> <!-- Tests.Class1UIValidation -->
    </test> <!-- ParallelTest -->
  </suite> <!-- ParallelSuite -->
</testng-results>
