<?xml version="1.0" encoding="UTF-8"?>
<!-- Generated by org.testng.reporters.JUnitXMLReporter -->
<testsuite ignored="0" hostname="DESKTOP-DA7P0OC" failures="0" tests="14" name="EdgeTest" time="7.641" errors="0" timestamp="2026-03-23T15:42:12 IST">
  <testcase classname="Tests.Class1UIValidation" name="verifyUIElements" time="0.002">
    <skipped/>
  </testcase> <!-- verifyUIElements -->
  <testcase classname="Tests.Class2PageValidation" name="verifyPageURL" time="0.0">
    <skipped/>
  </testcase> <!-- verifyPageURL -->
  <testcase classname="Tests.Class2PageValidation" name="verifyPlaceholder" time="0.001">
    <skipped/>
  </testcase> <!-- verifyPlaceholder -->
  <testcase classname="Tests.Class2PageValidation" name="verifyTitleOfthePage" time="0.0">
    <skipped/>
  </testcase> <!-- verifyTitleOfthePage -->
  <testcase classname="Tests.Class3FactorialTestData" name="verifyFactorial" time="0.0">
    <skipped/>
  </testcase> <!-- verifyFactorial -->
  <testcase classname="Tests.Class3FactorialTestData" name="verifyFactorial" time="0.0">
    <skipped/>
  </testcase> <!-- verifyFactorial -->
  <testcase classname="Tests.Class3FactorialTestData" name="verifyFactorial" time="0.0">
    <skipped/>
  </testcase> <!-- verifyFactorial -->
  <testcase classname="Tests.Class3FactorialTestData" name="verifyFactorial" time="0.0">
    <skipped/>
  </testcase> <!-- verifyFactorial -->
  <testcase classname="Tests.Class3FactorialTestData" name="verifyFactorial" time="0.0">
    <skipped/>
  </testcase> <!-- verifyFactorial -->
  <testcase classname="Tests.Class3FactorialTestData" name="verifyFactorial" time="0.0">
    <skipped/>
  </testcase> <!-- verifyFactorial -->
  <testcase classname="Tests.Class3FactorialTestData" name="verifyFactorial" time="0.0">
    <skipped/>
  </testcase> <!-- verifyFactorial -->
  <testcase classname="Tests.Class4AboutLink" name="clickonAbout" time="0.0">
    <skipped/>
  </testcase> <!-- clickonAbout -->
  <testcase classname="Tests.Class4AboutLink" name="verifyTotalLink" time="0.0">
    <skipped/>
  </testcase> <!-- verifyTotalLink -->
  <testcase classname="Tests.Class5AutomateBug" name="largeNumberNotHandeled" time="0.0">
    <skipped/>
  </testcase> <!-- largeNumberNotHandeled -->
</testsuite> <!-- EdgeTest -->
