<?xml version="1.0" encoding="UTF-8"?>
<!-- Generated by org.testng.reporters.JUnitReportReporter -->
<testsuite hostname="DESKTOP-DA7P0OC" failures="0" tests="3" name="Tests.Class2PageValidation" time="25.068" errors="0" timestamp="2026-03-31T14:34:34 IST" skipped="0">
  <testcase classname="Tests.Class2PageValidation" name="verifyTitleOfthePage" time="6.946"/>
  <testcase classname="Tests.Class2PageValidation" name="verifyPlaceholder" time="5.716"/>
  <testcase classname="Tests.Class2PageValidation" name="verifyPageURL" time="12.406"/>
</testsuite> <!-- Tests.Class2PageValidation -->
