<?xml version="1.0" encoding="UTF-8"?>
<!-- Generated by org.testng.reporters.JUnitReportReporter -->
<testsuite hostname="DESKTOP-DA7P0OC" failures="0" tests="2" name="Tests.Class5AutomateBug" time="15.451" errors="0" timestamp="2026-03-31T14:19:03 IST" skipped="0">
  <testcase classname="Tests.Class5AutomateBug" name="largeNumberNotHandeled" time="8.372"/>
  <testcase classname="Tests.Class5AutomateBug" name="largeNumberNotHandeled" time="7.079"/>
</testsuite> <!-- Tests.Class5AutomateBug -->
