<?xml version="1.0" encoding="UTF-8"?>
<!-- Generated by org.testng.reporters.JUnitReportReporter -->
<testsuite hostname="DESKTOP-DA7P0OC" failures="0" tests="14" name="Tests.Class3FactorialTestData" time="99.715" errors="0" timestamp="2026-03-31T14:19:03 IST" skipped="0">
  <testcase classname="Tests.Class3FactorialTestData" name="verifyFactorial" time="7.513"/>
  <testcase classname="Tests.Class3FactorialTestData" name="verifyFactorial" time="8.238"/>
  <testcase classname="Tests.Class3FactorialTestData" name="verifyFactorial" time="7.522"/>
  <testcase classname="Tests.Class3FactorialTestData" name="verifyFactorial" time="7.626"/>
  <testcase classname="Tests.Class3FactorialTestData" name="verifyFactorial" time="6.235"/>
  <testcase classname="Tests.Class3FactorialTestData" name="verifyFactorial" time="6.114"/>
  <testcase classname="Tests.Class3FactorialTestData" name="verifyFactorial" time="6.154"/>
  <testcase classname="Tests.Class3FactorialTestData" name="verifyFactorial" time="7.860"/>
  <testcase classname="Tests.Class3FactorialTestData" name="verifyFactorial" time="7.768"/>
  <testcase classname="Tests.Class3FactorialTestData" name="verifyFactorial" time="7.021"/>
  <testcase classname="Tests.Class3FactorialTestData" name="verifyFactorial" time="7.451"/>
  <testcase classname="Tests.Class3FactorialTestData" name="verifyFactorial" time="6.547"/>
  <testcase classname="Tests.Class3FactorialTestData" name="verifyFactorial" time="7.464"/>
  <testcase classname="Tests.Class3FactorialTestData" name="verifyFactorial" time="6.202"/>
</testsuite> <!-- Tests.Class3FactorialTestData -->
