<?xml version="1.0" encoding="UTF-8"?>
<!-- Generated by org.testng.reporters.JUnitReportReporter -->
<testsuite hostname="DESKTOP-DA7P0OC" failures="0" tests="4" name="Tests.Class4AboutLink" time="35.798" errors="0" timestamp="2026-03-31T14:19:02 IST" skipped="0">
  <testcase classname="Tests.Class4AboutLink" name="verifyTotalLink" time="9.402"/>
  <testcase classname="Tests.Class4AboutLink" name="clickonAbout" time="9.103"/>
  <testcase classname="Tests.Class4AboutLink" name="verifyTotalLink" time="10.147"/>
  <testcase classname="Tests.Class4AboutLink" name="clickonAbout" time="7.146"/>
</testsuite> <!-- Tests.Class4AboutLink -->
